<?xml version="1.0" encoding="UTF-8"?>
<!-- Generated by org.testng.reporters.JUnitXMLReporter -->
<testsuite ignored="0" hostname="LAPTOP-MNC46J3J" failures="0" tests="3" name="Default test" time="57.663" errors="0" timestamp="2022-12-17T21:03:10 IST">
  <testcase classname="com.Restaurant.Testcases.VerifyPeopleAddSupplierPageTest" name="VerifyAddSupplier" time="22.823"/>
  <testcase classname="com.Restaurant.Testcases.VerifyPeopleAddSupplierPageTest" name="verifyeditcustomer" time="9.853"/>
  <testcase classname="com.Restaurant.Testcases.VerifyPeopleAddSupplierPageTest" name="verifyselectnum" time="13.941"/>
</testsuite> <!-- Default test -->
