<?xml version="1.0" encoding="UTF-8"?>
<!-- Generated by org.testng.reporters.JUnitXMLReporter -->
<testsuite hostname="LAPTOP-MNC46J3J" ignored="0" name="Test" tests="4" failures="0" timestamp="2022-12-14T08:42:50 IST" time="51.888" errors="0">
  <testcase name="VerifyInvalidUserLogin" time="0.72" classname="com.Restaurant.Testcases.VerifyvaliduserLoginTest"/>
  <testcase name="VerifyInvalidUserLogin" time="0.712" classname="com.Restaurant.Testcases.VerifyvaliduserLoginTest"/>
  <testcase name="VerifyInvalidUserLogin" time="0.615" classname="com.Restaurant.Testcases.VerifyvaliduserLoginTest"/>
  <testcase name="VerifyUserLogin" time="3.685" classname="com.Restaurant.Testcases.VerifyvaliduserLoginTest"/>
</testsuite> <!-- Test -->
