<?xml version="1.0" encoding="UTF-8"?>
<!-- Generated by org.testng.reporters.JUnitXMLReporter -->
<testsuite ignored="0" hostname="LAPTOP-MNC46J3J" failures="0" tests="4" name="Test" time="19.801" errors="0" timestamp="2022-12-17T23:51:41 IST">
  <testcase classname="com.Restaurant.Testcases.VerifyvaliduserLoginTest" name="VerifyInvalidUserLogin" time="0.662"/>
  <testcase classname="com.Restaurant.Testcases.VerifyvaliduserLoginTest" name="VerifyInvalidUserLogin" time="0.609"/>
  <testcase classname="com.Restaurant.Testcases.VerifyvaliduserLoginTest" name="VerifyInvalidUserLogin" time="0.595"/>
  <testcase classname="com.Restaurant.Testcases.VerifyvaliduserLoginTest" name="VerifyUserLogin" time="3.592"/>
</testsuite> <!-- Test -->
