<?xml version="1.0" encoding="UTF-8"?>
<testng-results skipped="0" failed="0" ignored="0" total="4" passed="4">
  <reporter-output>
  </reporter-output>
  <suite name="Suite" duration-ms="51888" started-at="2022-12-14T08:41:58 IST" finished-at="2022-12-14T08:42:50 IST">
    <groups>
    </groups>
    <test name="Test" duration-ms="51888" started-at="2022-12-14T08:41:58 IST" finished-at="2022-12-14T08:42:50 IST">
      <class name="com.Restaurant.Testcases.VerifyvaliduserLoginTest">
        <test-method status="PASS" signature="BeforeSuite()[pri:0, instance:com.Restaurant.Testcases.VerifyvaliduserLoginTest@5c072e3f]" name="BeforeSuite" is-config="true" duration-ms="105" started-at="2022-12-14T08:41:58 IST" finished-at="2022-12-14T08:41:58 IST">
          <reporter-output>
          </reporter-output>
        </test-method> <!-- BeforeSuite -->
        <test-method status="PASS" signature="loadConfig()[pri:0, instance:com.Restaurant.Testcases.VerifyvaliduserLoginTest@5c072e3f]" name="loadConfig" is-config="true" duration-ms="1" started-at="2022-12-14T08:41:58 IST" finished-at="2022-12-14T08:41:58 IST">
          <reporter-output>
          </reporter-output>
        </test-method> <!-- loadConfig -->
        <test-method status="PASS" signature="launchApp()[pri:0, instance:com.Restaurant.Testcases.VerifyvaliduserLoginTest@5c072e3f]" name="launchApp" is-config="true" duration-ms="4247" started-at="2022-12-14T08:41:58 IST" finished-at="2022-12-14T08:42:02 IST">
          <reporter-output>
          </reporter-output>
        </test-method> <!-- launchApp -->
        <test-method status="PASS" signature="VerifyInvalidUserLogin(java.lang.String,java.lang.String)[pri:0, instance:com.Restaurant.Testcases.VerifyvaliduserLoginTest@5c072e3f]" name="VerifyInvalidUserLogin" duration-ms="720" started-at="2022-12-14T08:42:02 IST" data-provider="InvalidLoginDatas" finished-at="2022-12-14T08:42:03 IST">
          <params>
            <param index="0">
              <value>
                <![CDATA[uname]]>
              </value>
            </param>
            <param index="1">
              <value>
                <![CDATA[password]]>
              </value>
            </param>
          </params>
          <reporter-output>
          </reporter-output>
        </test-method> <!-- VerifyInvalidUserLogin -->
        <test-method status="PASS" signature="driverclose()[pri:0, instance:com.Restaurant.Testcases.VerifyvaliduserLoginTest@5c072e3f]" name="driverclose" is-config="true" duration-ms="16257" started-at="2022-12-14T08:42:03 IST" finished-at="2022-12-14T08:42:19 IST">
          <reporter-output>
          </reporter-output>
        </test-method> <!-- driverclose -->
        <test-method status="PASS" signature="launchApp()[pri:0, instance:com.Restaurant.Testcases.VerifyvaliduserLoginTest@5c072e3f]" name="launchApp" is-config="true" duration-ms="3124" started-at="2022-12-14T08:42:19 IST" finished-at="2022-12-14T08:42:22 IST">
          <reporter-output>
          </reporter-output>
        </test-method> <!-- launchApp -->
        <test-method status="PASS" signature="VerifyInvalidUserLogin(java.lang.String,java.lang.String)[pri:0, instance:com.Restaurant.Testcases.VerifyvaliduserLoginTest@5c072e3f]" name="VerifyInvalidUserLogin" duration-ms="712" started-at="2022-12-14T08:42:22 IST" data-provider="InvalidLoginDatas" finished-at="2022-12-14T08:42:23 IST">
          <params>
            <param index="0">
              <value>
                <![CDATA[admin]]>
              </value>
            </param>
            <param index="1">
              <value>
                <![CDATA[pwrod]]>
              </value>
            </param>
          </params>
          <reporter-output>
          </reporter-output>
        </test-method> <!-- VerifyInvalidUserLogin -->
        <test-method status="PASS" signature="driverclose()[pri:0, instance:com.Restaurant.Testcases.VerifyvaliduserLoginTest@5c072e3f]" name="driverclose" is-config="true" duration-ms="57" started-at="2022-12-14T08:42:23 IST" finished-at="2022-12-14T08:42:23 IST">
          <reporter-output>
          </reporter-output>
        </test-method> <!-- driverclose -->
        <test-method status="PASS" signature="launchApp()[pri:0, instance:com.Restaurant.Testcases.VerifyvaliduserLoginTest@5c072e3f]" name="launchApp" is-config="true" duration-ms="2981" started-at="2022-12-14T08:42:23 IST" finished-at="2022-12-14T08:42:26 IST">
          <reporter-output>
          </reporter-output>
        </test-method> <!-- launchApp -->
        <test-method status="PASS" signature="VerifyInvalidUserLogin(java.lang.String,java.lang.String)[pri:0, instance:com.Restaurant.Testcases.VerifyvaliduserLoginTest@5c072e3f]" name="VerifyInvalidUserLogin" duration-ms="615" started-at="2022-12-14T08:42:26 IST" data-provider="InvalidLoginDatas" finished-at="2022-12-14T08:42:27 IST">
          <params>
            <param index="0">
              <value>
                <![CDATA[login]]>
              </value>
            </param>
            <param index="1">
              <value>
                <![CDATA[pasword]]>
              </value>
            </param>
          </params>
          <reporter-output>
          </reporter-output>
        </test-method> <!-- VerifyInvalidUserLogin -->
        <test-method status="PASS" signature="driverclose()[pri:0, instance:com.Restaurant.Testcases.VerifyvaliduserLoginTest@5c072e3f]" name="driverclose" is-config="true" duration-ms="88" started-at="2022-12-14T08:42:27 IST" finished-at="2022-12-14T08:42:27 IST">
          <reporter-output>
          </reporter-output>
        </test-method> <!-- driverclose -->
        <test-method status="PASS" signature="launchApp()[pri:0, instance:com.Restaurant.Testcases.VerifyvaliduserLoginTest@5c072e3f]" name="launchApp" is-config="true" duration-ms="3085" started-at="2022-12-14T08:42:27 IST" finished-at="2022-12-14T08:42:30 IST">
          <reporter-output>
          </reporter-output>
        </test-method> <!-- launchApp -->
        <test-method status="PASS" signature="VerifyUserLogin()[pri:1, instance:com.Restaurant.Testcases.VerifyvaliduserLoginTest@5c072e3f]" name="VerifyUserLogin" duration-ms="3685" started-at="2022-12-14T08:42:30 IST" finished-at="2022-12-14T08:42:34 IST">
          <reporter-output>
          </reporter-output>
        </test-method> <!-- VerifyUserLogin -->
        <test-method status="PASS" signature="driverclose()[pri:0, instance:com.Restaurant.Testcases.VerifyvaliduserLoginTest@5c072e3f]" name="driverclose" is-config="true" duration-ms="16277" started-at="2022-12-14T08:42:34 IST" finished-at="2022-12-14T08:42:50 IST">
          <reporter-output>
          </reporter-output>
        </test-method> <!-- driverclose -->
        <test-method status="PASS" signature="AfterSuite()[pri:0, instance:com.Restaurant.Testcases.VerifyvaliduserLoginTest@5c072e3f]" name="AfterSuite" is-config="true" duration-ms="471" started-at="2022-12-14T08:42:50 IST" finished-at="2022-12-14T08:42:50 IST">
          <reporter-output>
          </reporter-output>
        </test-method> <!-- AfterSuite -->
      </class> <!-- com.Restaurant.Testcases.VerifyvaliduserLoginTest -->
    </test> <!-- Test -->
  </suite> <!-- Suite -->
</testng-results>
